#! /usr/bin/vvp
:ivl_version "11.0 (stable)";
:ivl_delay_selection "TYPICAL";
:vpi_time_precision + 0;
:vpi_module "/usr/lib/x86_64-linux-gnu/ivl/system.vpi";
:vpi_module "/usr/lib/x86_64-linux-gnu/ivl/vhdl_sys.vpi";
:vpi_module "/usr/lib/x86_64-linux-gnu/ivl/vhdl_textio.vpi";
:vpi_module "/usr/lib/x86_64-linux-gnu/ivl/v2005_math.vpi";
:vpi_module "/usr/lib/x86_64-linux-gnu/ivl/va_math.vpi";
S_0x5bc901ab6320 .scope module, "hazard_detection_unit" "hazard_detection_unit" 2 6;
 .timescale 0 0;
    .port_info 0 /INPUT 1 "idex_mem_read";
    .port_info 1 /INPUT 5 "idex_rd";
    .port_info 2 /INPUT 5 "ifid_rs1";
    .port_info 3 /INPUT 5 "ifid_rs2";
    .port_info 4 /INPUT 1 "mul_div_busy";
    .port_info 5 /INPUT 1 "idex_is_mul_div";
    .port_info 6 /INPUT 1 "atomic_busy";
    .port_info 7 /INPUT 1 "atomic_done";
    .port_info 8 /INPUT 1 "idex_is_atomic";
    .port_info 9 /INPUT 1 "fpu_busy";
    .port_info 10 /INPUT 1 "idex_fp_alu_en";
    .port_info 11 /OUTPUT 1 "stall_pc";
    .port_info 12 /OUTPUT 1 "stall_ifid";
    .port_info 13 /OUTPUT 1 "bubble_idex";
L_0x5bc901ae1f40 .functor AND 1, L_0x5bc901ae1db0, L_0x5bc901ae1e50, C4<1>, C4<1>;
L_0x5bc901ae21f0 .functor AND 1, L_0x5bc901ae2050, L_0x5bc901ae20f0, C4<1>, C4<1>;
L_0x5bc901ae2300 .functor OR 1, L_0x5bc901ae1f40, L_0x5bc901ae21f0, C4<0>, C4<0>;
o0x76272ccb8438 .functor BUFZ 1, C4<z>; HiZ drive
L_0x5bc901ae2410 .functor AND 1, o0x76272ccb8438, L_0x5bc901ae2300, C4<1>, C4<1>;
o0x76272ccb8558 .functor BUFZ 1, C4<z>; HiZ drive
o0x76272ccb8408 .functor BUFZ 1, C4<z>; HiZ drive
L_0x5bc901ae2500 .functor OR 1, o0x76272ccb8558, o0x76272ccb8408, C4<0>, C4<0>;
o0x76272ccb82b8 .functor BUFZ 1, C4<z>; HiZ drive
o0x76272ccb83d8 .functor BUFZ 1, C4<z>; HiZ drive
L_0x5bc901ae25a0 .functor OR 1, o0x76272ccb82b8, o0x76272ccb83d8, C4<0>, C4<0>;
L_0x5bc901ae27b0 .functor AND 1, L_0x5bc901ae25a0, L_0x5bc901ae26e0, C4<1>, C4<1>;
o0x76272ccb8378 .functor BUFZ 1, C4<z>; HiZ drive
o0x76272ccb83a8 .functor BUFZ 1, C4<z>; HiZ drive
L_0x5bc901ae28f0 .functor OR 1, o0x76272ccb8378, o0x76272ccb83a8, C4<0>, C4<0>;
L_0x5bc901ae29e0 .functor OR 1, L_0x5bc901ae2410, L_0x5bc901ae2500, C4<0>, C4<0>;
L_0x5bc901ae2b20 .functor OR 1, L_0x5bc901ae29e0, L_0x5bc901ae27b0, C4<0>, C4<0>;
L_0x5bc901ae2c90 .functor OR 1, L_0x5bc901ae2b20, L_0x5bc901ae28f0, C4<0>, C4<0>;
L_0x5bc901ae2d50 .functor OR 1, L_0x5bc901ae2410, L_0x5bc901ae2500, C4<0>, C4<0>;
L_0x5bc901ae2e30 .functor OR 1, L_0x5bc901ae2d50, L_0x5bc901ae27b0, C4<0>, C4<0>;
L_0x5bc901ae2ef0 .functor OR 1, L_0x5bc901ae2e30, L_0x5bc901ae28f0, C4<0>, C4<0>;
L_0x5bc901ae2dc0 .functor BUFZ 1, L_0x5bc901ae2410, C4<0>, C4<0>, C4<0>;
v0x5bc901abb000_0 .net *"_ivl_0", 0 0, L_0x5bc901ae1db0;  1 drivers
L_0x76272cc6f060 .functor BUFT 1, C4<00000>, C4<0>, C4<0>, C4<0>;
v0x5bc901adfef0_0 .net/2u *"_ivl_10", 4 0, L_0x76272cc6f060;  1 drivers
v0x5bc901adffd0_0 .net *"_ivl_12", 0 0, L_0x5bc901ae20f0;  1 drivers
v0x5bc901ae0070_0 .net *"_ivl_17", 0 0, L_0x5bc901ae2300;  1 drivers
L_0x76272cc6f018 .functor BUFT 1, C4<00000>, C4<0>, C4<0>, C4<0>;
v0x5bc901ae0130_0 .net/2u *"_ivl_2", 4 0, L_0x76272cc6f018;  1 drivers
v0x5bc901ae0260_0 .net *"_ivl_23", 0 0, L_0x5bc901ae25a0;  1 drivers
v0x5bc901ae0320_0 .net *"_ivl_25", 0 0, L_0x5bc901ae26e0;  1 drivers
v0x5bc901ae03e0_0 .net *"_ivl_31", 0 0, L_0x5bc901ae29e0;  1 drivers
v0x5bc901ae04a0_0 .net *"_ivl_33", 0 0, L_0x5bc901ae2b20;  1 drivers
v0x5bc901ae05f0_0 .net *"_ivl_37", 0 0, L_0x5bc901ae2d50;  1 drivers
v0x5bc901ae06b0_0 .net *"_ivl_39", 0 0, L_0x5bc901ae2e30;  1 drivers
v0x5bc901ae0770_0 .net *"_ivl_4", 0 0, L_0x5bc901ae1e50;  1 drivers
v0x5bc901ae0830_0 .net *"_ivl_8", 0 0, L_0x5bc901ae2050;  1 drivers
v0x5bc901ae08f0_0 .net "a_extension_stall", 0 0, L_0x5bc901ae27b0;  1 drivers
v0x5bc901ae09b0_0 .net "atomic_busy", 0 0, o0x76272ccb82b8;  0 drivers
o0x76272ccb82e8 .functor BUFZ 1, C4<z>; HiZ drive
v0x5bc901ae0a70_0 .net "atomic_done", 0 0, o0x76272ccb82e8;  0 drivers
v0x5bc901ae0b30_0 .net "bubble_idex", 0 0, L_0x5bc901ae2dc0;  1 drivers
v0x5bc901ae0d00_0 .net "fp_extension_stall", 0 0, L_0x5bc901ae28f0;  1 drivers
v0x5bc901ae0dc0_0 .net "fpu_busy", 0 0, o0x76272ccb8378;  0 drivers
v0x5bc901ae0e80_0 .net "idex_fp_alu_en", 0 0, o0x76272ccb83a8;  0 drivers
v0x5bc901ae0f40_0 .net "idex_is_atomic", 0 0, o0x76272ccb83d8;  0 drivers
v0x5bc901ae1000_0 .net "idex_is_mul_div", 0 0, o0x76272ccb8408;  0 drivers
v0x5bc901ae10c0_0 .net "idex_mem_read", 0 0, o0x76272ccb8438;  0 drivers
o0x76272ccb8468 .functor BUFZ 5, C4<zzzzz>; HiZ drive
v0x5bc901ae1180_0 .net "idex_rd", 4 0, o0x76272ccb8468;  0 drivers
o0x76272ccb8498 .functor BUFZ 5, C4<zzzzz>; HiZ drive
v0x5bc901ae1260_0 .net "ifid_rs1", 4 0, o0x76272ccb8498;  0 drivers
o0x76272ccb84c8 .functor BUFZ 5, C4<zzzzz>; HiZ drive
v0x5bc901ae1340_0 .net "ifid_rs2", 4 0, o0x76272ccb84c8;  0 drivers
v0x5bc901ae1420_0 .net "load_use_hazard", 0 0, L_0x5bc901ae2410;  1 drivers
v0x5bc901ae14e0_0 .net "m_extension_stall", 0 0, L_0x5bc901ae2500;  1 drivers
v0x5bc901ae15a0_0 .net "mul_div_busy", 0 0, o0x76272ccb8558;  0 drivers
v0x5bc901ae1660_0 .net "rs1_hazard", 0 0, L_0x5bc901ae1f40;  1 drivers
v0x5bc901ae1720_0 .net "rs2_hazard", 0 0, L_0x5bc901ae21f0;  1 drivers
v0x5bc901ae17e0_0 .net "stall_ifid", 0 0, L_0x5bc901ae2ef0;  1 drivers
v0x5bc901ae18a0_0 .net "stall_pc", 0 0, L_0x5bc901ae2c90;  1 drivers
L_0x5bc901ae1db0 .cmp/eq 5, o0x76272ccb8468, o0x76272ccb8498;
L_0x5bc901ae1e50 .cmp/ne 5, o0x76272ccb8468, L_0x76272cc6f018;
L_0x5bc901ae2050 .cmp/eq 5, o0x76272ccb8468, o0x76272ccb84c8;
L_0x5bc901ae20f0 .cmp/ne 5, o0x76272ccb8468, L_0x76272cc6f060;
L_0x5bc901ae26e0 .reduce/nor o0x76272ccb82e8;
# The file index is used to find the file name in the following table.
:file_names 3;
    "N/A";
    "<interactive>";
    "rtl/core/hazard_detection_unit.v";
